#
# A fatal error has been detected by the Java Runtime Environment:
#
#  SIGSEGV (0xb) at pc=0x00007fb4b7fd89fa, pid=20312, tid=0x00007fb4a277e700
#
# JRE version: OpenJDK Runtime Environment (8.0_171-b11) (build 1.8.0_171-8u171-b11-0ubuntu0.16.04.1-b11)
# Java VM: OpenJDK 64-Bit Server VM (25.171-b11 mixed mode linux-amd64 compressed oops)
# Problematic frame:
# v  ~BufferBlob::jni_fast_GetLongField
#
# Failed to write core dump. Core dumps have been disabled. To enable core dumping, try "ulimit -c unlimited" before starting Java again
#
# If you would like to submit a bug report, please visit:
#   http://bugreport.java.com/bugreport/crash.jsp
# The crash happened outside the Java Virtual Machine in native code.
# See problematic frame for where to report the bug.
#

---------------  T H R E A D  ---------------

Current thread (0x00007fb4c826e800):  JavaThread "AWT-XAWT" daemon [_thread_in_native, id=20333, stack(0x00007fb4a267e000,0x00007fb4a277f000)]

siginfo: si_signo: 11 (SIGSEGV), si_code: 1 (SEGV_MAPERR), si_addr: 0x0000000000000000

Registers:
RAX=0x00007fb4cd7d4040, RBX=0x00007fb4c826e9e0, RCX=0x0000000000000000, RDX=0x0000000000000042
RSP=0x00007fb4a277d838, RBP=0x00007fb4a277d860, RSI=0x0000000000000000, RDI=0x00007fb4c826e9e0
R8 =0x00000000d820d4b0, R9 =0x0000000000000000, R10=0x0000000000000056, R11=0x00007fb4b82bb458
R12=0x00007fb464198b60, R13=0x0000000000000000, R14=0x00007fb4b089eb00, R15=0x00007fb4c826e800
RIP=0x00007fb4b7fd89fa, EFLAGS=0x0000000000010246, CSGSFS=0x0000000000000033, ERR=0x0000000000000004
  TRAPNO=0x000000000000000e

Top of Stack: (sp=0x00007fb4a277d838)
0x00007fb4a277d838:   00007fb4b067c094 00007fb4b2d33420
0x00007fb4a277d848:   00007fb464198b60 00007fb4a277d910
0x00007fb4a277d858:   00007fb4a277d8e0 0000000000000000
0x00007fb4a277d868:   00007fb4b01433c0 00007fb4b2d33420
0x00007fb4a277d878:   00007fb4a277d8a0 0000000000000000
0x00007fb4a277d888:   00007fb4b013af93 00007fb4a277d910
0x00007fb4a277d898:   00007fb4b0673e0f 00007fb4a277d8f0
0x00007fb4a277d8a8:   00007fb4b82bb4f6 0000000000000000
0x00007fb4a277d8b8:   00007fb4b819a076 00007fb4a277d910
0x00007fb4a277d8c8:   00007fb4b808516c 00000000d828cf18
0x00007fb4a277d8d8:   00007fb4b8210874 00000000d82106c0
0x00007fb4a277d8e8:   00000000d820f8f0 00007fb4a277d970
0x00007fb4a277d8f8:   00007fb4b7f767d0 00007fb4a277d970
0x00007fb4a277d908:   00007fb4b7f767d0 0000000000000000
0x00007fb4a277d918:   00007fb4b7f76b10 00007fb46c002e40
0x00007fb4a277d928:   00000000d828cf18 00007fb4a277d930
0x00007fb4a277d938:   00007fb4b2cdfaa4 00007fb4a277d9b8
0x00007fb4a277d948:   00007fb4b2cf77c0 0000000000000000
0x00007fb4a277d958:   00007fb4b2cdfbe0 00007fb4a277d910
0x00007fb4a277d968:   00007fb4a277d9b0 00007fb4a277da00
0x00007fb4a277d978:   00007fb4b7f76ffd 0000000000000000
0x00007fb4a277d988:   00000000d88471f8 0000000000000000
0x00007fb4a277d998:   0000000000000000 0000000000000000
0x00007fb4a277d9a8:   00000000d828cf18 0000000000000000
0x00007fb4a277d9b8:   00000000d8253e60 00007fb4a277d9c0
0x00007fb4a277d9c8:   00007fb4b2cdf8e5 00007fb4a277da10
0x00007fb4a277d9d8:   00007fb4b2cf77c0 0000000000000000
0x00007fb4a277d9e8:   00007fb4b2cdf8f0 00007fb4a277d9b0
0x00007fb4a277d9f8:   00007fb4a277da10 00007fb4a277da58
0x00007fb4a277da08:   00007fb4b7f77042 00000000d8253e60
0x00007fb4a277da18:   00007fb4a277da18 00007fb4b29c553b
0x00007fb4a277da28:   00007fb4a277da68 00007fb4b2a4cf88 

Instructions: (pc=0x00007fb4b7fd89fa)
0x00007fb4b7fd89da:   00 00 00 00 00 00 44 8b 15 4d 82 82 15 4c 8b ce
0x00007fb4b7fd89ea:   41 f6 c2 01 0f 85 2e 00 00 00 4d 33 ca 4d 33 ca
0x00007fb4b7fd89fa:   4d 8b 09 4c 8b da 49 c1 eb 02 4b 8b 04 19 49 bb
0x00007fb4b7fd8a0a:   34 0c 80 cd b4 7f 00 00 4c 33 d8 4c 33 d8 45 3b 

Register to memory mapping:

RAX=0x00007fb4cd7d4040: <offset 0xefc040> in /usr/lib/jvm/java-8-openjdk-amd64/jre/lib/amd64/server/libjvm.so at 0x00007fb4cc8d8000
RBX=0x00007fb4c826e9e0 is an unknown value
RCX=0x0000000000000000 is an unknown value
RDX=0x0000000000000042 is an unknown value
RSP=0x00007fb4a277d838 is pointing into the stack for thread: 0x00007fb4c826e800
RBP=0x00007fb4a277d860 is pointing into the stack for thread: 0x00007fb4c826e800
RSI=0x0000000000000000 is an unknown value
RDI=0x00007fb4c826e9e0 is an unknown value
R8 =0x00000000d820d4b0 is an oop
sun.util.logging.PlatformLogger$Level 
 - klass: 'sun/util/logging/PlatformLogger$Level'
R9 =0x0000000000000000 is an unknown value
R10=0x0000000000000056 is an unknown value
R11=0x00007fb4b82bb458 is at entry_point+24 in (nmethod*)0x00007fb4b82bb2d0
R12=0x00007fb464198b60 is an unknown value
R13=0x0000000000000000 is an unknown value
R14=0x00007fb4b089eb00: <offset 0x258b00> in /usr/lib/jvm/java-8-openjdk-amd64/jre/lib/amd64/libawt_xawt.so at 0x00007fb4b0646000
R15=0x00007fb4c826e800 is a thread


Stack: [0x00007fb4a267e000,0x00007fb4a277f000],  sp=0x00007fb4a277d838,  free space=1022k
Native frames: (J=compiled Java code, j=interpreted, Vv=VM code, C=native code)
v  ~BufferBlob::jni_fast_GetLongField
C  [libX11.so.6+0x643c0]  _XimServerDestroy+0x70

Java frames: (J=compiled Java code, j=interpreted, Vv=VM code)
J 963  sun.awt.X11.XlibWrapper.XFilterEvent(JJ)Z (0 bytes) @ 0x00007fb4b82bb484 [0x00007fb4b82bb440+0x44]
j  sun.awt.X11.XToolkit.run(Z)V+300
j  sun.awt.X11.XToolkit.run()V+5
j  java.lang.Thread.run()V+11
v  ~StubRoutines::call_stub

---------------  P R O C E S S  ---------------

Java Threads: ( => current thread )
  0x00007fb490002000 JavaThread "SIGHUP handler" daemon [_thread_blocked, id=25966, stack(0x00007fb4a12a7000,0x00007fb4a13a8000)]
  0x00007fb458016800 JavaThread "XToolkt-Shutdown-Thread" [_thread_blocked, id=25954, stack(0x00007fb4a15fc000,0x00007fb4a16fd000)]
  0x00007fb490001000 JavaThread "SIGTERM handler" daemon [_thread_blocked, id=25941, stack(0x00007fb4a1a4f000,0x00007fb4a1b50000)]
  0x00007fb4640e4000 JavaThread "TimerQueue" daemon [_thread_blocked, id=20336, stack(0x00007fb4a1b50000,0x00007fb4a1c51000)]
  0x00007fb4c800b000 JavaThread "DestroyJavaVM" [_thread_blocked, id=20318, stack(0x00007fb4ce535000,0x00007fb4ce636000)]
  0x00007fb4c8272800 JavaThread "AWT-EventQueue-0" [_thread_blocked, id=20335, stack(0x00007fb4a247c000,0x00007fb4a257d000)]
  0x00007fb4c8271000 JavaThread "AWT-Shutdown" [_thread_blocked, id=20334, stack(0x00007fb4a257d000,0x00007fb4a267e000)]
=>0x00007fb4c826e800 JavaThread "AWT-XAWT" daemon [_thread_in_native, id=20333, stack(0x00007fb4a267e000,0x00007fb4a277f000)]
  0x00007fb4c824b800 JavaThread "Java2D Disposer" daemon [_thread_blocked, id=20332, stack(0x00007fb4a2b8f000,0x00007fb4a2c90000)]
  0x00007fb4c80c1800 JavaThread "Service Thread" daemon [_thread_blocked, id=20330, stack(0x00007fb4b0cac000,0x00007fb4b0dad000)]
  0x00007fb4c80be800 JavaThread "C1 CompilerThread2" daemon [_thread_blocked, id=20329, stack(0x00007fb4b0dad000,0x00007fb4b0eae000)]
  0x00007fb4c80bc800 JavaThread "C2 CompilerThread1" daemon [_thread_blocked, id=20328, stack(0x00007fb4b0eae000,0x00007fb4b0faf000)]
  0x00007fb4c80ba000 JavaThread "C2 CompilerThread0" daemon [_thread_blocked, id=20327, stack(0x00007fb4b0faf000,0x00007fb4b10b0000)]
  0x00007fb4c80b8800 JavaThread "Signal Dispatcher" daemon [_thread_blocked, id=20326, stack(0x00007fb4b10b0000,0x00007fb4b11b1000)]
  0x00007fb4c8084800 JavaThread "Finalizer" daemon [_thread_blocked, id=20325, stack(0x00007fb4b148f000,0x00007fb4b1590000)]
  0x00007fb4c8080000 JavaThread "Reference Handler" daemon [_thread_blocked, id=20324, stack(0x00007fb4b1590000,0x00007fb4b1691000)]

Other Threads:
  0x00007fb4c8078800 VMThread [stack: 0x00007fb4b1691000,0x00007fb4b1792000] [id=20323]
  0x00007fb4c80c4000 WatcherThread [stack: 0x00007fb4b0bab000,0x00007fb4b0cac000] [id=20331]

VM state:not at safepoint (normal execution)

VM Mutex/Monitor currently owned by a thread: None

Heap:
 PSYoungGen      total 36352K, used 20755K [0x00000000d7f80000, 0x00000000da800000, 0x0000000100000000)
  eden space 31232K, 66% used [0x00000000d7f80000,0x00000000d93c4f08,0x00000000d9e00000)
  from space 5120K, 0% used [0x00000000da300000,0x00000000da300000,0x00000000da800000)
  to   space 5120K, 0% used [0x00000000d9e00000,0x00000000d9e00000,0x00000000da300000)
 ParOldGen       total 83456K, used 0K [0x0000000087e00000, 0x000000008cf80000, 0x00000000d7f80000)
  object space 83456K, 0% used [0x0000000087e00000,0x0000000087e00000,0x000000008cf80000)
 Metaspace       used 13679K, capacity 13890K, committed 14208K, reserved 1062912K
  class space    used 1539K, capacity 1617K, committed 1664K, reserved 1048576K

Card table byte_map: [0x00007fb4b77ed000,0x00007fb4b7baf000] byte_map_base: 0x00007fb4b73ae000

Marking Bits: (ParMarkBitMap*) 0x00007fb4cd800320
 Begin Bits: [0x00007fb4b3558000, 0x00007fb4b5360000)
 End Bits:   [0x00007fb4b5360000, 0x00007fb4b7168000)

Polling page: 0x00007fb4ce654000

CodeCache: size=245760Kb used=4526Kb max_used=4533Kb free=241233Kb
 bounds [0x00007fb4b7f6f000, 0x00007fb4b83ef000, 0x00007fb4c6f6f000]
 total_blobs=1909 nmethods=1326 adapters=497
 compilation: enabled

Compilation events (10 events):
Event: 7673.029 Thread 0x00007fb4c80be800 1322       3       sun.awt.X11.XMSelection::processRootEvent (32 bytes)
Event: 7673.030 Thread 0x00007fb4c80be800 nmethod 1322 0x00007fb4b83d1650 code [0x00007fb4b83d1800, 0x00007fb4b83d1bd8]
Event: 7678.604 Thread 0x00007fb4c80bc800 1323       4       sun.awt.X11.XEvent::get_xany (22 bytes)
Event: 7678.607 Thread 0x00007fb4c80bc800 nmethod 1323 0x00007fb4b83ddb50 code [0x00007fb4b83ddce0, 0x00007fb4b83de018]
Event: 9577.416 Thread 0x00007fb4c80ba000 1324   !   4       sun.awt.X11.XToolkit::windowToXWindow (27 bytes)
Event: 9577.424 Thread 0x00007fb4c80ba000 nmethod 1324 0x00007fb4b83dbc10 code [0x00007fb4b83dbda0, 0x00007fb4b83dc2d8]
Event: 10507.342 Thread 0x00007fb4c80be800 1325       1       sun.awt.X11.XAtom::getAtom (5 bytes)
Event: 10507.342 Thread 0x00007fb4c80be800 nmethod 1325 0x00007fb4b83d7dd0 code [0x00007fb4b83d7f20, 0x00007fb4b83d8030]
Event: 18879.049 Thread 0x00007fb4c80be800 1326       3       sun.awt.XSettings$Update::needBytes (65 bytes)
Event: 18879.050 Thread 0x00007fb4c80be800 nmethod 1326 0x00007fb4b83dc650 code [0x00007fb4b83dc8a0, 0x00007fb4b83dd558]

GC Heap History (0 events):
No events

Deoptimization events (6 events):
Event: 10.445 Thread 0x00007fb4c8272800 Uncommon trap: reason=class_check action=maybe_recompile pc=0x00007fb4b80de228 method=java.lang.String.equals(Ljava/lang/Object;)Z @ 8
Event: 10.446 Thread 0x00007fb4c8272800 Uncommon trap: reason=class_check action=maybe_recompile pc=0x00007fb4b80de228 method=java.lang.String.equals(Ljava/lang/Object;)Z @ 8
Event: 10.450 Thread 0x00007fb4c8272800 Uncommon trap: reason=class_check action=maybe_recompile pc=0x00007fb4b80de228 method=java.lang.String.equals(Ljava/lang/Object;)Z @ 8
Event: 10.450 Thread 0x00007fb4c8272800 Uncommon trap: reason=class_check action=maybe_recompile pc=0x00007fb4b80de228 method=java.lang.String.equals(Ljava/lang/Object;)Z @ 8
Event: 12.086 Thread 0x00007fb4c8272800 Uncommon trap: reason=unstable_if action=reinterpret pc=0x00007fb4b83237e0 method=java.lang.CharacterData.of(I)Ljava/lang/CharacterData; @ 4
Event: 21.750 Thread 0x00007fb4c8272800 Uncommon trap: reason=unstable_if action=reinterpret pc=0x00007fb4b8398234 method=java.awt.Component.inside(II)Z @ 9

Classes redefined (0 events):
No events

Internal exceptions (10 events):
Event: 0.070 Thread 0x00007fb4c800b000 Exception <a 'java/security/PrivilegedActionException'> (0x00000000d800f310) thrown at [/build/openjdk-8-wnL82d/openjdk-8-8u171-b11/src/hotspot/src/share/vm/prims/jvm.cpp, line 1435]
Event: 0.070 Thread 0x00007fb4c800b000 Exception <a 'java/security/PrivilegedActionException'> (0x00000000d800f520) thrown at [/build/openjdk-8-wnL82d/openjdk-8-8u171-b11/src/hotspot/src/share/vm/prims/jvm.cpp, line 1435]
Event: 0.070 Thread 0x00007fb4c800b000 Exception <a 'java/security/PrivilegedActionException'> (0x00000000d800fff8) thrown at [/build/openjdk-8-wnL82d/openjdk-8-8u171-b11/src/hotspot/src/share/vm/prims/jvm.cpp, line 1435]
Event: 0.070 Thread 0x00007fb4c800b000 Exception <a 'java/security/PrivilegedActionException'> (0x00000000d8010208) thrown at [/build/openjdk-8-wnL82d/openjdk-8-8u171-b11/src/hotspot/src/share/vm/prims/jvm.cpp, line 1435]
Event: 0.124 Thread 0x00007fb4c800b000 Exception <a 'java/lang/NoSuchFieldError': method resolution failed> (0x00000000d817d058) thrown at [/build/openjdk-8-wnL82d/openjdk-8-8u171-b11/src/hotspot/src/share/vm/prims/methodHandles.cpp, line 1167]
Event: 0.129 Thread 0x00007fb4c800b000 Exception <a 'java/lang/NoSuchFieldError': method resolution failed> (0x00000000d818a858) thrown at [/build/openjdk-8-wnL82d/openjdk-8-8u171-b11/src/hotspot/src/share/vm/prims/methodHandles.cpp, line 1167]
Event: 0.149 Thread 0x00007fb4c800b000 Exception <a 'java/io/FileNotFoundException'> (0x00000000d8209d48) thrown at [/build/openjdk-8-wnL82d/openjdk-8-8u171-b11/src/hotspot/src/share/vm/prims/jni.cpp, line 709]
Event: 0.149 Thread 0x00007fb4c800b000 Exception <a 'java/io/FileNotFoundException'> (0x00000000d820a848) thrown at [/build/openjdk-8-wnL82d/openjdk-8-8u171-b11/src/hotspot/src/share/vm/prims/jni.cpp, line 709]
Event: 0.161 Thread 0x00007fb4c800b000 Exception <a 'java/lang/ClassNotFoundException': sun/dc/DuctusRenderingEngine> (0x00000000d8216250) thrown at [/build/openjdk-8-wnL82d/openjdk-8-8u171-b11/src/hotspot/src/share/vm/classfile/systemDictionary.cpp, line 210]
Event: 10.570 Thread 0x00007fb4c8272800 Exception <a 'java/lang/UnsupportedOperationException': > (0x00000000d886fef0) thrown at [/build/openjdk-8-wnL82d/openjdk-8-8u171-b11/src/hotspot/src/share/vm/prims/jni.cpp, line 735]

Events (10 events):
Event: 18879.835 loading class sun/misc/Signal$1 done
Event: 18879.843 Thread 0x00007fb490001000 Thread added: 0x00007fb490001000
Event: 18879.856 loading class sun/awt/X11/XDestroyWindowEvent
Event: 18879.873 Thread 0x00007fb458016800 Thread added: 0x00007fb458016800
Event: 18879.874 Thread 0x00007fb490002000 Thread added: 0x00007fb490002000
Event: 18879.875 loading class sun/awt/X11/XSystemTrayPeer
Event: 18880.089 loading class sun/awt/X11/XDestroyWindowEvent done
Event: 18880.090 loading class java/awt/peer/SystemTrayPeer
Event: 18880.090 loading class java/awt/peer/SystemTrayPeer done
Event: 18880.090 loading class sun/awt/X11/XSystemTrayPeer done


Dynamic libraries:
00400000-00401000 r-xp 00000000 08:06 2625088                            /usr/lib/jvm/java-8-openjdk-amd64/jre/bin/java
00600000-00601000 r--p 00000000 08:06 2625088                            /usr/lib/jvm/java-8-openjdk-amd64/jre/bin/java
00601000-00602000 rw-p 00001000 08:06 2625088                            /usr/lib/jvm/java-8-openjdk-amd64/jre/bin/java
018b1000-018d2000 rw-p 00000000 00:00 0                                  [heap]
87e00000-8cf80000 rw-p 00000000 00:00 0 
8cf80000-d7f80000 ---p 00000000 00:00 0 
d7f80000-da800000 rw-p 00000000 00:00 0 
da800000-100000000 ---p 00000000 00:00 0 
100000000-1001a0000 rw-p 00000000 00:00 0 
1001a0000-140000000 ---p 00000000 00:00 0 
7fb450000000-7fb450021000 rw-p 00000000 00:00 0 
7fb450021000-7fb454000000 ---p 00000000 00:00 0 
7fb458000000-7fb458021000 rw-p 00000000 00:00 0 
7fb458021000-7fb45c000000 ---p 00000000 00:00 0 
7fb45c000000-7fb45c021000 rw-p 00000000 00:00 0 
7fb45c021000-7fb460000000 ---p 00000000 00:00 0 
7fb460000000-7fb460021000 rw-p 00000000 00:00 0 
7fb460021000-7fb464000000 ---p 00000000 00:00 0 
7fb464000000-7fb464201000 rw-p 00000000 00:00 0 
7fb464201000-7fb468000000 ---p 00000000 00:00 0 
7fb468fff000-7fb46c000000 rw-p 00000000 00:00 0 
7fb46c000000-7fb46c021000 rw-p 00000000 00:00 0 
7fb46c021000-7fb470000000 ---p 00000000 00:00 0 
7fb470000000-7fb470021000 rw-p 00000000 00:00 0 
7fb470021000-7fb474000000 ---p 00000000 00:00 0 
7fb474000000-7fb474021000 rw-p 00000000 00:00 0 
7fb474021000-7fb478000000 ---p 00000000 00:00 0 
7fb478000000-7fb478021000 rw-p 00000000 00:00 0 
7fb478021000-7fb47c000000 ---p 00000000 00:00 0 
7fb47c000000-7fb47c67b000 rw-p 00000000 00:00 0 
7fb47c67b000-7fb480000000 ---p 00000000 00:00 0 
7fb480000000-7fb480021000 rw-p 00000000 00:00 0 
7fb480021000-7fb484000000 ---p 00000000 00:00 0 
7fb484000000-7fb48418c000 rw-p 00000000 00:00 0 
7fb48418c000-7fb488000000 ---p 00000000 00:00 0 
7fb488000000-7fb488148000 rw-p 00000000 00:00 0 
7fb488148000-7fb48c000000 ---p 00000000 00:00 0 
7fb48c000000-7fb48c021000 rw-p 00000000 00:00 0 
7fb48c021000-7fb490000000 ---p 00000000 00:00 0 
7fb490000000-7fb490021000 rw-p 00000000 00:00 0 
7fb490021000-7fb494000000 ---p 00000000 00:00 0 
7fb494000000-7fb494021000 rw-p 00000000 00:00 0 
7fb494021000-7fb498000000 ---p 00000000 00:00 0 
7fb498000000-7fb498021000 rw-p 00000000 00:00 0 
7fb498021000-7fb49c000000 ---p 00000000 00:00 0 
7fb49c000000-7fb49c021000 rw-p 00000000 00:00 0 
7fb49c021000-7fb4a0000000 ---p 00000000 00:00 0 
7fb4a12a7000-7fb4a12aa000 ---p 00000000 00:00 0 
7fb4a12aa000-7fb4a13e8000 rw-p 00000000 00:00 0 
7fb4a13e8000-7fb4a15a8000 ---p 00000000 00:00 0 
7fb4a15a8000-7fb4a15b3000 r--s 00000000 08:06 2753419                    /var/cache/fontconfig/945677eb7aeaf62f1d50efc3fb3ec7d8-le64.cache-6
7fb4a15b3000-7fb4a15b9000 r--s 00000000 08:06 2753417                    /var/cache/fontconfig/2cd17615ca594fa2959ae173292e504c-le64.cache-6
7fb4a15b9000-7fb4a15ba000 r--s 00000000 08:06 2753416                    /var/cache/fontconfig/0d8c3b2ac0904cb8a57a757ad11a4a08-le64.cache-6
7fb4a15ba000-7fb4a15cf000 r--s 00000000 08:06 2753415                    /var/cache/fontconfig/04aabc0a78ac019cf9454389977116d2-le64.cache-6
7fb4a15cf000-7fb4a15d0000 r--s 00000000 08:06 2753414                    /var/cache/fontconfig/1ac9eb803944fde146138c791f5cc56a-le64.cache-6
7fb4a15d0000-7fb4a15d4000 r--s 00000000 08:06 2753413                    /var/cache/fontconfig/385c0604a188198f04d133e54aba7fe7-le64.cache-6
7fb4a15d4000-7fb4a15d7000 r--s 00000000 08:06 2753382                    /var/cache/fontconfig/767a8244fc0220cfb567a839d0392e0b-le64.cache-6
7fb4a15d7000-7fb4a15dc000 r--s 00000000 08:06 2753410                    /var/cache/fontconfig/8801497958630a81b71ace7c5f9b32a8-le64.cache-6
7fb4a15dc000-7fb4a15e3000 r--s 00000000 08:06 2753408                    /var/cache/fontconfig/3047814df9a2f067bd2d96a2b9c36e5a-le64.cache-6
7fb4a15fc000-7fb4a15ff000 ---p 00000000 00:00 0 
7fb4a15ff000-7fb4a16fd000 rw-p 00000000 00:00 0 
7fb4a16fd000-7fb4a173d000 rw-s 00000000 00:05 28999745                   /SYSV00000000 (deleted)
7fb4a173d000-7fb4a1746000 r--s 00000000 08:06 3541108                    /usr/share/fonts/type1/gsfonts/s050000l.pfb
7fb4a1746000-7fb4a175a000 r--s 00000000 08:06 3541048                    /usr/share/fonts/type1/gsfonts/n019003l.pfb
7fb4a175a000-7fb4a176f000 r--s 00000000 08:06 3541027                    /usr/share/fonts/type1/gsfonts/b018032l.pfb
7fb4a176f000-7fb4a1780000 r--s 00000000 08:06 3541054                    /usr/share/fonts/type1/gsfonts/n019023l.pfb
7fb4a1780000-7fb4a179b000 r--s 00000000 08:06 3541096                    /usr/share/fonts/type1/gsfonts/p052003l.pfb
7fb4a179b000-7fb4a17b2000 r--s 00000000 08:06 3541078                    /usr/share/fonts/type1/gsfonts/n021023l.pfb
7fb4a17b2000-7fb4a17ca000 r--s 00000000 08:06 3541042                    /usr/share/fonts/type1/gsfonts/c059036l.pfb
7fb4a17ca000-7fb4a17e4000 r--s 00000000 08:06 3541033                    /usr/share/fonts/type1/gsfonts/c059013l.pfb
7fb4a17e4000-7fb4a17f5000 r--s 00000000 08:06 3541066                    /usr/share/fonts/type1/gsfonts/n019063l.pfb
7fb4a17f5000-7fb4a1808000 r--s 00000000 08:06 3541024                    /usr/share/fonts/type1/gsfonts/b018015l.pfb
7fb4a1808000-7fb4a181a000 r--s 00000000 08:06 3541060                    /usr/share/fonts/type1/gsfonts/n019043l.pfb
7fb4a181a000-7fb4a182a000 r--s 00000000 08:06 3541015                    /usr/share/fonts/type1/gsfonts/a010033l.pfb
7fb4a182a000-7fb4a183a000 r--s 00000000 08:06 3541012                    /usr/share/fonts/type1/gsfonts/a010015l.pfb
7fb4a183a000-7fb4a184b000 r--s 00000000 08:06 3541057                    /usr/share/fonts/type1/gsfonts/n019024l.pfb
7fb4a184b000-7fb4a185d000 r--s 00000000 08:06 3541051                    /usr/share/fonts/type1/gsfonts/n019004l.pfb
7fb4a185d000-7fb4a1874000 r--s 00000000 08:06 3541111                    /usr/share/fonts/type1/gsfonts/z003034l.pfb
7fb4a1874000-7fb4a1887000 r--s 00000000 08:06 3541069                    /usr/share/fonts/type1/gsfonts/n019064l.pfb
7fb4a1887000-7fb4a18a2000 r--s 00000000 08:06 3541036                    /usr/share/fonts/type1/gsfonts/c059016l.pfb
7fb4a18a2000-7fb4a18bb000 r--s 00000000 08:06 3541072                    /usr/share/fonts/type1/gsfonts/n021003l.pfb
7fb4a18bb000-7fb4a18d7000 r--s 00000000 08:06 3541105                    /usr/share/fonts/type1/gsfonts/p052024l.pfb
7fb4a18d7000-7fb4a18f0000 r--s 00000000 08:06 3541021                    /usr/share/fonts/type1/gsfonts/b018012l.pfb
7fb4a18f0000-7fb4a1906000 r--s 00000000 08:06 3541081                    /usr/share/fonts/type1/gsfonts/n021024l.pfb
7fb4a1906000-7fb4a1916000 r--s 00000000 08:06 3541009                    /usr/share/fonts/type1/gsfonts/a010013l.pfb
7fb4a1916000-7fb4a1931000 r--s 00000000 08:06 3541099                    /usr/share/fonts/type1/gsfonts/p052004l.pfb
7fb4a1931000-7fb4a1947000 r--s 00000000 08:06 3541090                    /usr/share/fonts/type1/gsfonts/n022023l.pfb
7fb4a1947000-7fb4a1962000 r--s 00000000 08:06 3541102                    /usr/share/fonts/type1/gsfonts/p052023l.pfb
7fb4a1962000-7fb4a197b000 r--s 00000000 08:06 3541087                    /usr/share/fonts/type1/gsfonts/n022004l.pfb
7fb4a197b000-7fb4a198d000 r--s 00000000 08:06 3541063                    /usr/share/fonts/type1/gsfonts/n019044l.pfb
7fb4a198d000-7fb4a19a6000 r--s 00000000 08:06 3541075                    /usr/share/fonts/type1/gsfonts/n021004l.pfb
7fb4a19a6000-7fb4a19bc000 r--s 00000000 08:06 3541093                    /usr/share/fonts/type1/gsfonts/n022024l.pfb
7fb4a19bc000-7fb4a19d4000 r--s 00000000 08:06 3541039                    /usr/share/fonts/type1/gsfonts/c059033l.pfb
7fb4a19d4000-7fb4a19e5000 r--s 00000000 08:06 3541018                    /usr/share/fonts/type1/gsfonts/a010035l.pfb
7fb4a19e5000-7fb4a19f7000 r--s 00000000 08:06 3541030                    /usr/share/fonts/type1/gsfonts/b018035l.pfb
7fb4a19f7000-7fb4a1a03000 r--s 00000000 08:06 3541045                    /usr/share/fonts/type1/gsfonts/d050000l.pfb
7fb4a1a03000-7fb4a1a0c000 r--s 00000000 08:06 3540303                    /usr/share/fonts/X11/Type1/c0648bt_.pfb
7fb4a1a0c000-7fb4a1a15000 r--s 00000000 08:06 3540305                    /usr/share/fonts/X11/Type1/c0649bt_.pfb
7fb4a1a15000-7fb4a1a1f000 r--s 00000000 08:06 3540295                    /usr/share/fonts/X11/Type1/c0583bt_.pfb
7fb4a1a1f000-7fb4a1a29000 r--s 00000000 08:06 3540293                    /usr/share/fonts/X11/Type1/c0582bt_.pfb
7fb4a1a29000-7fb4a1a33000 r--s 00000000 08:06 3540291                    /usr/share/fonts/X11/Type1/c0419bt_.pfb
7fb4a1a33000-7fb4a1a3c000 r--s 00000000 08:06 3540299                    /usr/share/fonts/X11/Type1/c0632bt_.pfb
7fb4a1a3c000-7fb4a1a45000 r--s 00000000 08:06 3540301                    /usr/share/fonts/X11/Type1/c0633bt_.pfb
7fb4a1a45000-7fb4a1a4f000 r--s 00000000 08:06 3540297                    /usr/share/fonts/X11/Type1/c0611bt_.pfb
7fb4a1a4f000-7fb4a1a52000 ---p 00000000 00:00 0 
7fb4a1a52000-7fb4a1b50000 rw-p 00000000 00:00 0 
7fb4a1b50000-7fb4a1b53000 ---p 00000000 00:00 0 
7fb4a1b53000-7fb4a1e51000 rw-p 00000000 00:00 0 
7fb4a1e51000-7fb4a2051000 rw-p 00000000 00:00 0 
7fb4a2051000-7fb4a2062000 r-xp 00000000 08:06 2625139                    /usr/lib/jvm/java-8-openjdk-amd64/jre/lib/amd64/libnio.so
7fb4a2062000-7fb4a2262000 ---p 00011000 08:06 2625139                    /usr/lib/jvm/java-8-openjdk-amd64/jre/lib/amd64/libnio.so
7fb4a2262000-7fb4a2263000 r--p 00011000 08:06 2625139                    /usr/lib/jvm/java-8-openjdk-amd64/jre/lib/amd64/libnio.so
7fb4a2263000-7fb4a2264000 rw-p 00012000 08:06 2625139                    /usr/lib/jvm/java-8-openjdk-amd64/jre/lib/amd64/libnio.so
7fb4a2264000-7fb4a227a000 r-xp 00000000 08:06 2625133                    /usr/lib/jvm/java-8-openjdk-amd64/jre/lib/amd64/libnet.so
7fb4a227a000-7fb4a247a000 ---p 00016000 08:06 2625133                    /usr/lib/jvm/java-8-openjdk-amd64/jre/lib/amd64/libnet.so
7fb4a247a000-7fb4a247b000 r--p 00016000 08:06 2625133                    /usr/lib/jvm/java-8-openjdk-amd64/jre/lib/amd64/libnet.so
7fb4a247b000-7fb4a247c000 rw-p 00017000 08:06 2625133                    /usr/lib/jvm/java-8-openjdk-amd64/jre/lib/amd64/libnet.so
7fb4a247c000-7fb4a247f000 ---p 00000000 00:00 0 
7fb4a247f000-7fb4a257d000 rw-p 00000000 00:00 0 
7fb4a257d000-7fb4a2580000 ---p 00000000 00:00 0 
7fb4a2580000-7fb4a267e000 rw-p 00000000 00:00 0 
7fb4a267e000-7fb4a2681000 ---p 00000000 00:00 0 
7fb4a2681000-7fb4a277f000 rw-p 00000000 00:00 0 
7fb4a277f000-7fb4a2784000 r-xp 00000000 08:06 2630513                    /usr/lib/x86_64-linux-gnu/libXfixes.so.3.1.0
7fb4a2784000-7fb4a2983000 ---p 00005000 08:06 2630513                    /usr/lib/x86_64-linux-gnu/libXfixes.so.3.1.0
7fb4a2983000-7fb4a2984000 r--p 00004000 08:06 2630513                    /usr/lib/x86_64-linux-gnu/libXfixes.so.3.1.0
7fb4a2984000-7fb4a2985000 rw-p 00005000 08:06 2630513                    /usr/lib/x86_64-linux-gnu/libXfixes.so.3.1.0
7fb4a2985000-7fb4a298e000 r-xp 00000000 08:06 2622563                    /usr/lib/x86_64-linux-gnu/libXcursor.so.1.0.2
7fb4a298e000-7fb4a2b8d000 ---p 00009000 08:06 2622563                    /usr/lib/x86_64-linux-gnu/libXcursor.so.1.0.2
7fb4a2b8d000-7fb4a2b8e000 r--p 00008000 08:06 2622563                    /usr/lib/x86_64-linux-gnu/libXcursor.so.1.0.2
7fb4a2b8e000-7fb4a2b8f000 rw-p 00009000 08:06 2622563                    /usr/lib/x86_64-linux-gnu/libXcursor.so.1.0.2
7fb4a2b8f000-7fb4a2b92000 ---p 00000000 00:00 0 
7fb4a2b92000-7fb4a2c90000 rw-p 00000000 00:00 0 
7fb4a2c90000-7fb4a2cb4000 r-xp 00000000 08:06 267370                     /lib/x86_64-linux-gnu/libpng12.so.0.54.0
7fb4a2cb4000-7fb4a2eb3000 ---p 00024000 08:06 267370                     /lib/x86_64-linux-gnu/libpng12.so.0.54.0
7fb4a2eb3000-7fb4a2eb4000 r--p 00023000 08:06 267370                     /lib/x86_64-linux-gnu/libpng12.so.0.54.0
7fb4a2eb4000-7fb4a2eb5000 rw-p 00024000 08:06 267370                     /lib/x86_64-linux-gnu/libpng12.so.0.54.0
7fb4a2eb5000-7fb4a2f59000 r-xp 00000000 08:06 2621941                    /usr/lib/x86_64-linux-gnu/libfreetype.so.6.12.1
7fb4a2f59000-7fb4a3158000 ---p 000a4000 08:06 2621941                    /usr/lib/x86_64-linux-gnu/libfreetype.so.6.12.1
7fb4a3158000-7fb4a315e000 r--p 000a3000 08:06 2621941                    /usr/lib/x86_64-linux-gnu/libfreetype.so.6.12.1
7fb4a315e000-7fb4a315f000 rw-p 000a9000 08:06 2621941                    /usr/lib/x86_64-linux-gnu/libfreetype.so.6.12.1
7fb4a315f000-7fb4a31b1000 r-xp 00000000 08:06 2625109                    /usr/lib/jvm/java-8-openjdk-amd64/jre/lib/amd64/libfontmanager.so
7fb4a31b1000-7fb4a33b1000 ---p 00052000 08:06 2625109                    /usr/lib/jvm/java-8-openjdk-amd64/jre/lib/amd64/libfontmanager.so
7fb4a33b1000-7fb4a33b3000 r--p 00052000 08:06 2625109                    /usr/lib/jvm/java-8-openjdk-amd64/jre/lib/amd64/libfontmanager.so
7fb4a33b3000-7fb4a33b4000 rw-p 00054000 08:06 2625109                    /usr/lib/jvm/java-8-openjdk-amd64/jre/lib/amd64/libfontmanager.so
7fb4a33b4000-7fb4a33b9000 r-xp 00000000 08:06 2630509                    /usr/lib/x86_64-linux-gnu/libXdmcp.so.6.0.0
7fb4a33b9000-7fb4a35b8000 ---p 00005000 08:06 2630509                    /usr/lib/x86_64-linux-gnu/libXdmcp.so.6.0.0
7fb4a35b8000-7fb4a35b9000 r--p 00004000 08:06 2630509                    /usr/lib/x86_64-linux-gnu/libXdmcp.so.6.0.0
7fb4a35b9000-7fb4a35ba000 rw-p 00005000 08:06 2630509                    /usr/lib/x86_64-linux-gnu/libXdmcp.so.6.0.0
7fb4a35ba000-7fb4a35bc000 r-xp 00000000 08:06 2630498                    /usr/lib/x86_64-linux-gnu/libXau.so.6.0.0
7fb4a35bc000-7fb4a37bc000 ---p 00002000 08:06 2630498                    /usr/lib/x86_64-linux-gnu/libXau.so.6.0.0
7fb4a37bc000-7fb4a37bd000 r--p 00002000 08:06 2630498                    /usr/lib/x86_64-linux-gnu/libXau.so.6.0.0
7fb4a37bd000-7fb4a37be000 rw-p 00003000 08:06 2630498                    /usr/lib/x86_64-linux-gnu/libXau.so.6.0.0
7fb4a37be000-7fb4a37df000 r-xp 00000000 08:06 2631876                    /usr/lib/x86_64-linux-gnu/libxcb.so.1.1.0
7fb4a37df000-7fb4a39de000 ---p 00021000 08:06 2631876                    /usr/lib/x86_64-linux-gnu/libxcb.so.1.1.0
7fb4a39de000-7fb4a39df000 r--p 00020000 08:06 2631876                    /usr/lib/x86_64-linux-gnu/libxcb.so.1.1.0
7fb4a39df000-7fb4a39e0000 rw-p 00021000 08:06 2631876                    /usr/lib/x86_64-linux-gnu/libxcb.so.1.1.0
7fb4a39e0000-7fb4a39ef000 r-xp 00000000 08:06 2630519                    /usr/lib/x86_64-linux-gnu/libXi.so.6.1.0
7fb4a39ef000-7fb4a3bee000 ---p 0000f000 08:06 2630519                    /usr/lib/x86_64-linux-gnu/libXi.so.6.1.0
7fb4a3bee000-7fb4a3bef000 r--p 0000e000 08:06 2630519                    /usr/lib/x86_64-linux-gnu/libXi.so.6.1.0
7fb4a3bef000-7fb4a3bf0000 rw-p 0000f000 08:06 2630519                    /usr/lib/x86_64-linux-gnu/libXi.so.6.1.0
7fb4a3bf0000-7fb4a3bf5000 r-xp 00000000 08:06 2630537                    /usr/lib/x86_64-linux-gnu/libXtst.so.6.1.0
7fb4a3bf5000-7fb4a3df4000 ---p 00005000 08:06 2630537                    /usr/lib/x86_64-linux-gnu/libXtst.so.6.1.0
7fb4a3df4000-7fb4a3df5000 r--p 00004000 08:06 2630537                    /usr/lib/x86_64-linux-gnu/libXtst.so.6.1.0
7fb4a3df5000-7fb4a3df6000 rw-p 00005000 08:06 2630537                    /usr/lib/x86_64-linux-gnu/libXtst.so.6.1.0
7fb4a3df6000-7fb4a3dff000 r-xp 00000000 08:06 2630531                    /usr/lib/x86_64-linux-gnu/libXrender.so.1.3.0
7fb4a3dff000-7fb4a3ffe000 ---p 00009000 08:06 2630531                    /usr/lib/x86_64-linux-gnu/libXrender.so.1.3.0
7fb4a3ffe000-7fb4a3fff000 r--p 00008000 08:06 2630531                    /usr/lib/x86_64-linux-gnu/libXrender.so.1.3.0
7fb4a3fff000-7fb4a4000000 rw-p 00009000 08:06 2630531                    /usr/lib/x86_64-linux-gnu/libXrender.so.1.3.0
7fb4a4000000-7fb4a4021000 rw-p 00000000 00:00 0 
7fb4a4021000-7fb4a8000000 ---p 00000000 00:00 0 
7fb4a8000000-7fb4a8021000 rw-p 00000000 00:00 0 
7fb4a8021000-7fb4ac000000 ---p 00000000 00:00 0 
7fb4ac000000-7fb4ac021000 rw-p 00000000 00:00 0 
7fb4ac021000-7fb4b0000000 ---p 00000000 00:00 0 
7fb4b0000000-7fb4b0001000 r--s 00000000 08:06 2753412                    /var/cache/fontconfig/dc05db6664285cc2f12bf69c139ae4c3-le64.cache-6
7fb4b0001000-7fb4b0002000 r--s 00000000 08:06 2753411                    /var/cache/fontconfig/4794a0821666d79190d59a36cb4f44b5-le64.cache-6
7fb4b0002000-7fb4b0003000 r--s 00000000 08:06 2753409                    /var/cache/fontconfig/bab58bb527bb656aaa9f116d68a48d89-le64.cache-6
7fb4b0003000-7fb4b000b000 r--s 00000000 08:06 2762579                    /var/cache/fontconfig/bf3b770c553c462765856025a94f1ce6-le64.cache-6
7fb4b000b000-7fb4b000c000 r--s 00000000 08:06 2753407                    /var/cache/fontconfig/56cf4f4769d0f4abc89a4895d7bd3ae1-le64.cache-6
7fb4b000c000-7fb4b0012000 r--s 00000000 08:06 2753405                    /var/cache/fontconfig/b47c4e1ecd0709278f4910c18777a504-le64.cache-6
7fb4b0012000-7fb4b0025000 r--s 00000000 08:06 2753404                    /var/cache/fontconfig/d52a8644073d54c13679302ca1180695-le64.cache-6
7fb4b0025000-7fb4b0030000 r--s 00000000 08:06 2763694                    /var/cache/fontconfig/d589a48862398ed80a3d6066f4f56f4c-le64.cache-6
7fb4b0030000-7fb4b0042000 r--s 00000000 08:06 2753396                    /var/cache/fontconfig/9b89f8e3dae116d678bbf48e5f21f69b-le64.cache-6
7fb4b0042000-7fb4b005a000 r--s 00000000 08:06 3541084                    /usr/share/fonts/type1/gsfonts/n022003l.pfb
7fb4b00b9000-7fb4b00df000 r--p 00000000 08:06 3414153                    /usr/share/locale-langpack/fr/LC_MESSAGES/libc.mo
7fb4b00df000-7fb4b0214000 r-xp 00000000 08:06 2630494                    /usr/lib/x86_64-linux-gnu/libX11.so.6.3.0
7fb4b0214000-7fb4b0414000 ---p 00135000 08:06 2630494                    /usr/lib/x86_64-linux-gnu/libX11.so.6.3.0
7fb4b0414000-7fb4b0415000 r--p 00135000 08:06 2630494                    /usr/lib/x86_64-linux-gnu/libX11.so.6.3.0
7fb4b0415000-7fb4b0419000 rw-p 00136000 08:06 2630494                    /usr/lib/x86_64-linux-gnu/libX11.so.6.3.0
7fb4b0419000-7fb4b042a000 r-xp 00000000 08:06 2630511                    /usr/lib/x86_64-linux-gnu/libXext.so.6.4.0
7fb4b042a000-7fb4b0629000 ---p 00011000 08:06 2630511                    /usr/lib/x86_64-linux-gnu/libXext.so.6.4.0
7fb4b0629000-7fb4b062a000 r--p 00010000 08:06 2630511                    /usr/lib/x86_64-linux-gnu/libXext.so.6.4.0
7fb4b062a000-7fb4b062b000 rw-p 00011000 08:06 2630511                    /usr/lib/x86_64-linux-gnu/libXext.so.6.4.0
7fb4b062b000-7fb4b062c000 r--s 00000000 08:06 2753406                    /var/cache/fontconfig/b9d506c9ac06c20b433354fa67a72993-le64.cache-6
7fb4b062c000-7fb4b062d000 r--s 00000000 08:06 2753403                    /var/cache/fontconfig/551ecf3b0e8b0bca0f25c0944f561853-le64.cache-6
7fb4b062d000-7fb4b0630000 r--s 00000000 08:06 2753398                    /var/cache/fontconfig/75114ca45c98e8a441da0ff356701271-le64.cache-6
7fb4b0630000-7fb4b063b000 r--s 00000000 08:06 2753397                    /var/cache/fontconfig/83bf95040141907cd45bb53cf7c1c148-le64.cache-6
7fb4b063b000-7fb4b063f000 r--s 00000000 08:06 2753386                    /var/cache/fontconfig/7ef2298fde41cc6eeb7af42e48b7d293-le64.cache-6
7fb4b063f000-7fb4b0646000 r--s 00000000 08:06 2887110                    /usr/lib/x86_64-linux-gnu/gconv/gconv-modules.cache
7fb4b0646000-7fb4b069b000 r-xp 00000000 08:06 2625113                    /usr/lib/jvm/java-8-openjdk-amd64/jre/lib/amd64/libawt_xawt.so
7fb4b069b000-7fb4b089a000 ---p 00055000 08:06 2625113                    /usr/lib/jvm/java-8-openjdk-amd64/jre/lib/amd64/libawt_xawt.so
7fb4b089a000-7fb4b089b000 r--p 00054000 08:06 2625113                    /usr/lib/jvm/java-8-openjdk-amd64/jre/lib/amd64/libawt_xawt.so
7fb4b089b000-7fb4b089e000 rw-p 00055000 08:06 2625113                    /usr/lib/jvm/java-8-openjdk-amd64/jre/lib/amd64/libawt_xawt.so
7fb4b089e000-7fb4b089f000 rw-p 00000000 00:00 0 
7fb4b089f000-7fb4b093f000 r-xp 00000000 08:06 2625112                    /usr/lib/jvm/java-8-openjdk-amd64/jre/lib/amd64/libawt.so
7fb4b093f000-7fb4b0b3f000 ---p 000a0000 08:06 2625112                    /usr/lib/jvm/java-8-openjdk-amd64/jre/lib/amd64/libawt.so
7fb4b0b3f000-7fb4b0b40000 r--p 000a0000 08:06 2625112                    /usr/lib/jvm/java-8-openjdk-amd64/jre/lib/amd64/libawt.so
7fb4b0b40000-7fb4b0b4b000 rw-p 000a1000 08:06 2625112                    /usr/lib/jvm/java-8-openjdk-amd64/jre/lib/amd64/libawt.so
7fb4b0b4b000-7fb4b0b70000 rw-p 00000000 00:00 0 
7fb4b0b70000-7fb4b0b75000 r--s 002f9000 08:06 2625091                    /usr/lib/jvm/java-8-openjdk-amd64/jre/lib/charsets.jar
7fb4b0b75000-7fb4b0b90000 r--s 001d6000 08:06 2625099                    /usr/lib/jvm/java-8-openjdk-amd64/jre/lib/ext/nashorn.jar
7fb4b0b90000-7fb4b0bab000 r--s 00394000 08:06 2625096                    /usr/lib/jvm/java-8-openjdk-amd64/jre/lib/ext/cldrdata.jar
7fb4b0bab000-7fb4b0bac000 ---p 00000000 00:00 0 
7fb4b0bac000-7fb4b0cac000 rw-p 00000000 00:00 0 
7fb4b0cac000-7fb4b0caf000 ---p 00000000 00:00 0 
7fb4b0caf000-7fb4b0dad000 rw-p 00000000 00:00 0 
7fb4b0dad000-7fb4b0db0000 ---p 00000000 00:00 0 
7fb4b0db0000-7fb4b0eae000 rw-p 00000000 00:00 0 
7fb4b0eae000-7fb4b0eb1000 ---p 00000000 00:00 0 
7fb4b0eb1000-7fb4b0faf000 rw-p 00000000 00:00 0 
7fb4b0faf000-7fb4b0fb2000 ---p 00000000 00:00 0 
7fb4b0fb2000-7fb4b10b0000 rw-p 00000000 00:00 0 
7fb4b10b0000-7fb4b10b3000 ---p 00000000 00:00 0 
7fb4b10b3000-7fb4b11b1000 rw-p 00000000 00:00 0 
7fb4b11b1000-7fb4b148f000 r--p 00000000 08:06 2622933                    /usr/lib/locale/locale-archive
7fb4b148f000-7fb4b1492000 ---p 00000000 00:00 0 
7fb4b1492000-7fb4b1590000 rw-p 00000000 00:00 0 
7fb4b1590000-7fb4b1593000 ---p 00000000 00:00 0 
7fb4b1593000-7fb4b1691000 rw-p 00000000 00:00 0 
7fb4b1691000-7fb4b1692000 ---p 00000000 00:00 0 
7fb4b1692000-7fb4b2752000 rw-p 00000000 00:00 0 
7fb4b2752000-7fb4b2921000 r--s 03c2f000 08:06 2625155                    /usr/lib/jvm/java-8-openjdk-amd64/jre/lib/rt.jar
7fb4b2921000-7fb4b7168000 rw-p 00000000 00:00 0 
7fb4b7168000-7fb4b7169000 ---p 00000000 00:00 0 
7fb4b7169000-7fb4b7269000 rw-p 00000000 00:00 0 
7fb4b7269000-7fb4b726a000 ---p 00000000 00:00 0 
7fb4b726a000-7fb4b736a000 rw-p 00000000 00:00 0 
7fb4b736a000-7fb4b736b000 ---p 00000000 00:00 0 
7fb4b736b000-7fb4b746b000 rw-p 00000000 00:00 0 
7fb4b746b000-7fb4b746c000 ---p 00000000 00:00 0 
7fb4b746c000-7fb4b7595000 rw-p 00000000 00:00 0 
7fb4b7595000-7fb4b77ed000 ---p 00000000 00:00 0 
7fb4b77ed000-7fb4b7816000 rw-p 00000000 00:00 0 
7fb4b7816000-7fb4b7a6d000 ---p 00000000 00:00 0 
7fb4b7a6d000-7fb4b7a82000 rw-p 00000000 00:00 0 
7fb4b7a82000-7fb4b7bae000 ---p 00000000 00:00 0 
7fb4b7bae000-7fb4b7bc1000 rw-p 00000000 00:00 0 
7fb4b7bc1000-7fb4b7f6f000 ---p 00000000 00:00 0 
7fb4b7f6f000-7fb4b83ef000 rwxp 00000000 00:00 0 
7fb4b83ef000-7fb4c6f6f000 ---p 00000000 00:00 0 
7fb4c6f6f000-7fb4c6f77000 r-xp 00000000 08:06 2625127                    /usr/lib/jvm/java-8-openjdk-amd64/jre/lib/amd64/libzip.so
7fb4c6f77000-7fb4c7176000 ---p 00008000 08:06 2625127                    /usr/lib/jvm/java-8-openjdk-amd64/jre/lib/amd64/libzip.so
7fb4c7176000-7fb4c7177000 r--p 00007000 08:06 2625127                    /usr/lib/jvm/java-8-openjdk-amd64/jre/lib/amd64/libzip.so
7fb4c7177000-7fb4c7178000 rw-p 00008000 08:06 2625127                    /usr/lib/jvm/java-8-openjdk-amd64/jre/lib/amd64/libzip.so
7fb4c7178000-7fb4c7183000 r-xp 00000000 08:06 262240                     /lib/x86_64-linux-gnu/libnss_files-2.23.so
7fb4c7183000-7fb4c7382000 ---p 0000b000 08:06 262240                     /lib/x86_64-linux-gnu/libnss_files-2.23.so
7fb4c7382000-7fb4c7383000 r--p 0000a000 08:06 262240                     /lib/x86_64-linux-gnu/libnss_files-2.23.so
7fb4c7383000-7fb4c7384000 rw-p 0000b000 08:06 262240                     /lib/x86_64-linux-gnu/libnss_files-2.23.so
7fb4c7384000-7fb4c738a000 rw-p 00000000 00:00 0 
7fb4c738a000-7fb4c7395000 r-xp 00000000 08:06 266907                     /lib/x86_64-linux-gnu/libnss_nis-2.23.so
7fb4c7395000-7fb4c7594000 ---p 0000b000 08:06 266907                     /lib/x86_64-linux-gnu/libnss_nis-2.23.so
7fb4c7594000-7fb4c7595000 r--p 0000a000 08:06 266907                     /lib/x86_64-linux-gnu/libnss_nis-2.23.so
7fb4c7595000-7fb4c7596000 rw-p 0000b000 08:06 266907                     /lib/x86_64-linux-gnu/libnss_nis-2.23.so
7fb4c7596000-7fb4c75ac000 r-xp 00000000 08:06 262158                     /lib/x86_64-linux-gnu/libnsl-2.23.so
7fb4c75ac000-7fb4c77ab000 ---p 00016000 08:06 262158                     /lib/x86_64-linux-gnu/libnsl-2.23.so
7fb4c77ab000-7fb4c77ac000 r--p 00015000 08:06 262158                     /lib/x86_64-linux-gnu/libnsl-2.23.so
7fb4c77ac000-7fb4c77ad000 rw-p 00016000 08:06 262158                     /lib/x86_64-linux-gnu/libnsl-2.23.so
7fb4c77ad000-7fb4c77af000 rw-p 00000000 00:00 0 
7fb4c77af000-7fb4c77b7000 r-xp 00000000 08:06 262235                     /lib/x86_64-linux-gnu/libnss_compat-2.23.so
7fb4c77b7000-7fb4c79b6000 ---p 00008000 08:06 262235                     /lib/x86_64-linux-gnu/libnss_compat-2.23.so
7fb4c79b6000-7fb4c79b7000 r--p 00007000 08:06 262235                     /lib/x86_64-linux-gnu/libnss_compat-2.23.so
7fb4c79b7000-7fb4c79b8000 rw-p 00008000 08:06 262235                     /lib/x86_64-linux-gnu/libnss_compat-2.23.so
7fb4c79b8000-7fb4c79e5000 r-xp 00000000 08:06 2625118                    /usr/lib/jvm/java-8-openjdk-amd64/jre/lib/amd64/libjava.so
7fb4c79e5000-7fb4c7be4000 ---p 0002d000 08:06 2625118                    /usr/lib/jvm/java-8-openjdk-amd64/jre/lib/amd64/libjava.so
7fb4c7be4000-7fb4c7be5000 r--p 0002c000 08:06 2625118                    /usr/lib/jvm/java-8-openjdk-amd64/jre/lib/amd64/libjava.so
7fb4c7be5000-7fb4c7be7000 rw-p 0002d000 08:06 2625118                    /usr/lib/jvm/java-8-openjdk-amd64/jre/lib/amd64/libjava.so
7fb4c7be7000-7fb4c7bf6000 r-xp 00000000 08:06 2625104                    /usr/lib/jvm/java-8-openjdk-amd64/jre/lib/amd64/libverify.so
7fb4c7bf6000-7fb4c7df5000 ---p 0000f000 08:06 2625104                    /usr/lib/jvm/java-8-openjdk-amd64/jre/lib/amd64/libverify.so
7fb4c7df5000-7fb4c7df7000 r--p 0000e000 08:06 2625104                    /usr/lib/jvm/java-8-openjdk-amd64/jre/lib/amd64/libverify.so
7fb4c7df7000-7fb4c7df8000 rw-p 00010000 08:06 2625104                    /usr/lib/jvm/java-8-openjdk-amd64/jre/lib/amd64/libverify.so
7fb4c7df8000-7fb4c7dff000 r-xp 00000000 08:06 266908                     /lib/x86_64-linux-gnu/librt-2.23.so
7fb4c7dff000-7fb4c7ffe000 ---p 00007000 08:06 266908                     /lib/x86_64-linux-gnu/librt-2.23.so
7fb4c7ffe000-7fb4c7fff000 r--p 00006000 08:06 266908                     /lib/x86_64-linux-gnu/librt-2.23.so
7fb4c7fff000-7fb4c8000000 rw-p 00007000 08:06 266908                     /lib/x86_64-linux-gnu/librt-2.23.so
7fb4c8000000-7fb4c828f000 rw-p 00000000 00:00 0 
7fb4c828f000-7fb4cc000000 ---p 00000000 00:00 0 
7fb4cc000000-7fb4cc003000 r--s 00000000 08:06 2753385                    /var/cache/fontconfig/e13b20fdb08344e0e664864cc2ede53d-le64.cache-6
7fb4cc003000-7fb4cc016000 r--s 00346000 08:06 2625103                    /usr/lib/jvm/java-8-openjdk-amd64/jre/lib/resources.jar
7fb4cc016000-7fb4cc037000 rw-p 00000000 00:00 0 
7fb4cc037000-7fb4cc04d000 r-xp 00000000 08:06 267267                     /lib/x86_64-linux-gnu/libgcc_s.so.1
7fb4cc04d000-7fb4cc24c000 ---p 00016000 08:06 267267                     /lib/x86_64-linux-gnu/libgcc_s.so.1
7fb4cc24c000-7fb4cc24d000 rw-p 00015000 08:06 267267                     /lib/x86_64-linux-gnu/libgcc_s.so.1
7fb4cc24d000-7fb4cc355000 r-xp 00000000 08:06 262149                     /lib/x86_64-linux-gnu/libm-2.23.so
7fb4cc355000-7fb4cc554000 ---p 00108000 08:06 262149                     /lib/x86_64-linux-gnu/libm-2.23.so
7fb4cc554000-7fb4cc555000 r--p 00107000 08:06 262149                     /lib/x86_64-linux-gnu/libm-2.23.so
7fb4cc555000-7fb4cc556000 rw-p 00108000 08:06 262149                     /lib/x86_64-linux-gnu/libm-2.23.so
7fb4cc556000-7fb4cc6c8000 r-xp 00000000 08:06 2623617                    /usr/lib/x86_64-linux-gnu/libstdc++.so.6.0.21
7fb4cc6c8000-7fb4cc8c8000 ---p 00172000 08:06 2623617                    /usr/lib/x86_64-linux-gnu/libstdc++.so.6.0.21
7fb4cc8c8000-7fb4cc8d2000 r--p 00172000 08:06 2623617                    /usr/lib/x86_64-linux-gnu/libstdc++.so.6.0.21
7fb4cc8d2000-7fb4cc8d4000 rw-p 0017c000 08:06 2623617                    /usr/lib/x86_64-linux-gnu/libstdc++.so.6.0.21
7fb4cc8d4000-7fb4cc8d8000 rw-p 00000000 00:00 0 
7fb4cc8d8000-7fb4cd531000 r-xp 00000000 08:06 2625131                    /usr/lib/jvm/java-8-openjdk-amd64/jre/lib/amd64/server/libjvm.so
7fb4cd531000-7fb4cd731000 ---p 00c59000 08:06 2625131                    /usr/lib/jvm/java-8-openjdk-amd64/jre/lib/amd64/server/libjvm.so
7fb4cd731000-7fb4cd7c4000 r--p 00c59000 08:06 2625131                    /usr/lib/jvm/java-8-openjdk-amd64/jre/lib/amd64/server/libjvm.so
7fb4cd7c4000-7fb4cd7ed000 rw-p 00cec000 08:06 2625131                    /usr/lib/jvm/java-8-openjdk-amd64/jre/lib/amd64/server/libjvm.so
7fb4cd7ed000-7fb4cd81d000 rw-p 00000000 00:00 0 
7fb4cd81d000-7fb4cd835000 r-xp 00000000 08:06 262169                     /lib/x86_64-linux-gnu/libpthread-2.23.so
7fb4cd835000-7fb4cda34000 ---p 00018000 08:06 262169                     /lib/x86_64-linux-gnu/libpthread-2.23.so
7fb4cda34000-7fb4cda35000 r--p 00017000 08:06 262169                     /lib/x86_64-linux-gnu/libpthread-2.23.so
7fb4cda35000-7fb4cda36000 rw-p 00018000 08:06 262169                     /lib/x86_64-linux-gnu/libpthread-2.23.so
7fb4cda36000-7fb4cda3a000 rw-p 00000000 00:00 0 
7fb4cda3a000-7fb4cda3d000 r-xp 00000000 08:06 262229                     /lib/x86_64-linux-gnu/libdl-2.23.so
7fb4cda3d000-7fb4cdc3c000 ---p 00003000 08:06 262229                     /lib/x86_64-linux-gnu/libdl-2.23.so
7fb4cdc3c000-7fb4cdc3d000 r--p 00002000 08:06 262229                     /lib/x86_64-linux-gnu/libdl-2.23.so
7fb4cdc3d000-7fb4cdc3e000 rw-p 00003000 08:06 262229                     /lib/x86_64-linux-gnu/libdl-2.23.so
7fb4cdc3e000-7fb4cdc57000 r-xp 00000000 08:06 266952                     /lib/x86_64-linux-gnu/libz.so.1.2.8
7fb4cdc57000-7fb4cde56000 ---p 00019000 08:06 266952                     /lib/x86_64-linux-gnu/libz.so.1.2.8
7fb4cde56000-7fb4cde57000 r--p 00018000 08:06 266952                     /lib/x86_64-linux-gnu/libz.so.1.2.8
7fb4cde57000-7fb4cde58000 rw-p 00019000 08:06 266952                     /lib/x86_64-linux-gnu/libz.so.1.2.8
7fb4cde58000-7fb4ce018000 r-xp 00000000 08:06 262227                     /lib/x86_64-linux-gnu/libc-2.23.so
7fb4ce018000-7fb4ce218000 ---p 001c0000 08:06 262227                     /lib/x86_64-linux-gnu/libc-2.23.so
7fb4ce218000-7fb4ce21c000 r--p 001c0000 08:06 262227                     /lib/x86_64-linux-gnu/libc-2.23.so
7fb4ce21c000-7fb4ce21e000 rw-p 001c4000 08:06 262227                     /lib/x86_64-linux-gnu/libc-2.23.so
7fb4ce21e000-7fb4ce222000 rw-p 00000000 00:00 0 
7fb4ce222000-7fb4ce22f000 r-xp 00000000 08:06 2625128                    /usr/lib/jvm/java-8-openjdk-amd64/jre/lib/amd64/jli/libjli.so
7fb4ce22f000-7fb4ce42f000 ---p 0000d000 08:06 2625128                    /usr/lib/jvm/java-8-openjdk-amd64/jre/lib/amd64/jli/libjli.so
7fb4ce42f000-7fb4ce430000 r--p 0000d000 08:06 2625128                    /usr/lib/jvm/java-8-openjdk-amd64/jre/lib/amd64/jli/libjli.so
7fb4ce430000-7fb4ce431000 rw-p 0000e000 08:06 2625128                    /usr/lib/jvm/java-8-openjdk-amd64/jre/lib/amd64/jli/libjli.so
7fb4ce431000-7fb4ce457000 r-xp 00000000 08:06 262161                     /lib/x86_64-linux-gnu/ld-2.23.so
7fb4ce457000-7fb4ce458000 r--s 00000000 08:06 2753401                    /var/cache/fontconfig/30829fa25452a46451e813d634d7f916-le64.cache-6
7fb4ce458000-7fb4ce459000 r--s 00000000 08:06 2753400                    /var/cache/fontconfig/0c9eb80ebd1c36541ebe2852d3bb0c49-le64.cache-6
7fb4ce459000-7fb4ce45b000 r--s 00016000 08:06 2625150                    /usr/lib/jvm/java-8-openjdk-amd64/jre/lib/jce.jar
7fb4ce45b000-7fb4ce460000 r--s 0009d000 08:06 2625164                    /usr/lib/jvm/java-8-openjdk-amd64/jre/lib/jsse.jar
7fb4ce460000-7fb4ce463000 r--s 0000f000 08:06 2625098                    /usr/lib/jvm/java-8-openjdk-amd64/jre/lib/ext/icedtea-sound.jar
7fb4ce463000-7fb4ce465000 r--s 00001000 08:06 2625094                    /usr/lib/jvm/java-8-openjdk-amd64/jre/lib/ext/dnsns.jar
7fb4ce465000-7fb4ce46b000 r--s 0003b000 08:06 2625097                    /usr/lib/jvm/java-8-openjdk-amd64/jre/lib/ext/sunjce_provider.jar
7fb4ce46b000-7fb4ce535000 rw-p 00000000 00:00 0 
7fb4ce535000-7fb4ce538000 ---p 00000000 00:00 0 
7fb4ce538000-7fb4ce63a000 rw-p 00000000 00:00 0 
7fb4ce63a000-7fb4ce63b000 r--s 00010000 08:06 2625093                    /usr/lib/jvm/java-8-openjdk-amd64/jre/lib/ext/zipfs.jar
7fb4ce63b000-7fb4ce63e000 r--s 00038000 08:06 2625095                    /usr/lib/jvm/java-8-openjdk-amd64/jre/lib/ext/sunpkcs11.jar
7fb4ce63e000-7fb4ce648000 r--s 00116000 08:06 2625101                    /usr/lib/jvm/java-8-openjdk-amd64/jre/lib/ext/localedata.jar
7fb4ce648000-7fb4ce649000 r--s 0000a000 08:06 2625100                    /usr/lib/jvm/java-8-openjdk-amd64/jre/lib/ext/jaccess.jar
7fb4ce649000-7fb4ce64b000 r--s 00008000 08:06 2625092                    /usr/lib/jvm/java-8-openjdk-amd64/jre/lib/ext/sunec.jar
7fb4ce64b000-7fb4ce653000 rw-s 00000000 08:06 928209                     /tmp/hsperfdata_mike/20312
7fb4ce653000-7fb4ce654000 rw-p 00000000 00:00 0 
7fb4ce654000-7fb4ce655000 r--p 00000000 00:00 0 
7fb4ce655000-7fb4ce656000 rw-p 00000000 00:00 0 
7fb4ce656000-7fb4ce657000 r--p 00025000 08:06 262161                     /lib/x86_64-linux-gnu/ld-2.23.so
7fb4ce657000-7fb4ce658000 rw-p 00026000 08:06 262161                     /lib/x86_64-linux-gnu/ld-2.23.so
7fb4ce658000-7fb4ce659000 rw-p 00000000 00:00 0 
7fffd43fd000-7fffd441e000 rw-p 00000000 00:00 0                          [stack]
7fffd45ea000-7fffd45ed000 r--p 00000000 00:00 0                          [vvar]
7fffd45ed000-7fffd45ef000 r-xp 00000000 00:00 0                          [vdso]
ffffffffff600000-ffffffffff601000 r-xp 00000000 00:00 0                  [vsyscall]

VM Arguments:
jvm_args: -Dfile.encoding=UTF-8 
java_command: com.mikelogovi.coucheapplication.MyApplicationDriver
java_class_path (initial): /usr/lib/jvm/java-8-openjdk-amd64/jre/lib/resources.jar:/usr/lib/jvm/java-8-openjdk-amd64/jre/lib/rt.jar:/usr/lib/jvm/java-8-openjdk-amd64/jre/lib/jsse.jar:/usr/lib/jvm/java-8-openjdk-amd64/jre/lib/jce.jar:/usr/lib/jvm/java-8-openjdk-amd64/jre/lib/charsets.jar:/usr/lib/jvm/java-8-openjdk-amd64/jre/lib/ext/sunec.jar:/usr/lib/jvm/java-8-openjdk-amd64/jre/lib/ext/jaccess.jar:/usr/lib/jvm/java-8-openjdk-amd64/jre/lib/ext/localedata.jar:/usr/lib/jvm/java-8-openjdk-amd64/jre/lib/ext/cldrdata.jar:/usr/lib/jvm/java-8-openjdk-amd64/jre/lib/ext/sunjce_provider.jar:/usr/lib/jvm/java-8-openjdk-amd64/jre/lib/ext/sunpkcs11.jar:/usr/lib/jvm/java-8-openjdk-amd64/jre/lib/ext/dnsns.jar:/usr/lib/jvm/java-8-openjdk-amd64/jre/lib/ext/nashorn.jar:/usr/lib/jvm/java-8-openjdk-amd64/jre/lib/ext/zipfs.jar:/usr/lib/jvm/java-8-openjdk-amd64/jre/lib/ext/icedtea-sound.jar:/home/mike/eclipse-workspace/MyQuizApplication/bin
Launcher Type: SUN_STANDARD

Environment Variables:
PATH=/home/mike/bin:/home/mike/.local/bin:/usr/local/sbin:/usr/local/bin:/usr/sbin:/usr/bin:/sbin:/bin:/usr/games:/usr/local/games:/snap/bin
SHELL=/bin/bash
DISPLAY=:0

Signal Handlers:
SIGSEGV: [libjvm.so+0xa6e6f0], sa_mask[0]=11111111011111111101111111111110, sa_flags=SA_RESTART|SA_SIGINFO
SIGBUS: [libjvm.so+0xa6e6f0], sa_mask[0]=11111111011111111101111111111110, sa_flags=SA_RESTART|SA_SIGINFO
SIGFPE: [libjvm.so+0x8b5d50], sa_mask[0]=11111111011111111101111111111110, sa_flags=SA_RESTART|SA_SIGINFO
SIGPIPE: [libjvm.so+0x8b5d50], sa_mask[0]=11111111011111111101111111111110, sa_flags=SA_RESTART|SA_SIGINFO
SIGXFSZ: [libjvm.so+0x8b5d50], sa_mask[0]=11111111011111111101111111111110, sa_flags=SA_RESTART|SA_SIGINFO
SIGILL: [libjvm.so+0x8b5d50], sa_mask[0]=11111111011111111101111111111110, sa_flags=SA_RESTART|SA_SIGINFO
SIGUSR1: SIG_DFL, sa_mask[0]=00000000000000000000000000000000, sa_flags=none
SIGUSR2: [libjvm.so+0x8b5c00], sa_mask[0]=00100000000000000000000000000000, sa_flags=SA_RESTART|SA_SIGINFO
SIGHUP: [libjvm.so+0x8b60d0], sa_mask[0]=11111111011111111101111111111110, sa_flags=SA_RESTART|SA_SIGINFO
SIGINT: [libjvm.so+0x8b60d0], sa_mask[0]=11111111011111111101111111111110, sa_flags=SA_RESTART|SA_SIGINFO
SIGTERM: [libjvm.so+0x8b60d0], sa_mask[0]=11111111011111111101111111111110, sa_flags=SA_RESTART|SA_SIGINFO
SIGQUIT: [libjvm.so+0x8b60d0], sa_mask[0]=11111111011111111101111111111110, sa_flags=SA_RESTART|SA_SIGINFO


---------------  S Y S T E M  ---------------

OS:DISTRIB_ID=Ubuntu
DISTRIB_RELEASE=16.04
DISTRIB_CODENAME=xenial
DISTRIB_DESCRIPTION="Ubuntu 16.04.4 LTS"

uname:Linux 4.4.0-127-generic #153-Ubuntu SMP Sat May 19 10:58:46 UTC 2018 x86_64
libc:glibc 2.23 NPTL 2.23 
rlimit: STACK 8192k, CORE 0k, NPROC 30589, NOFILE 1048576, AS infinity
load average:3.85 1.36 1.18

/proc/meminfo:
MemTotal:        7871796 kB
MemFree:         3917668 kB
MemAvailable:    4460388 kB
Buffers:           66288 kB
Cached:           777244 kB
SwapCached:         4688 kB
Active:          3097488 kB
Inactive:         664080 kB
Active(anon):    2688560 kB
Inactive(anon):   338316 kB
Active(file):     408928 kB
Inactive(file):   325764 kB
Unevictable:          32 kB
Mlocked:              32 kB
SwapTotal:      38828028 kB
SwapFree:       38803844 kB
Dirty:                 0 kB
Writeback:            72 kB
AnonPages:       2914124 kB
Mapped:           177848 kB
Shmem:            108552 kB
Slab:             105500 kB
SReclaimable:      65572 kB
SUnreclaim:        39928 kB
KernelStack:        8528 kB
PageTables:        14076 kB
NFS_Unstable:          0 kB
Bounce:                0 kB
WritebackTmp:          0 kB
CommitLimit:    42763924 kB
Committed_AS:    3462352 kB
VmallocTotal:   34359738367 kB
VmallocUsed:           0 kB
VmallocChunk:          0 kB
HardwareCorrupted:     0 kB
AnonHugePages:         0 kB
CmaTotal:              0 kB
CmaFree:               0 kB
HugePages_Total:       0
HugePages_Free:        0
HugePages_Rsvd:        0
HugePages_Surp:        0
Hugepagesize:       2048 kB
DirectMap4k:      186316 kB
DirectMap2M:     7897088 kB
DirectMap1G:           0 kB


CPU:total 4 (initial active 4) (2 cores per cpu, 2 threads per core) family 6 model 78 stepping 3, cmov, cx8, fxsr, mmx, sse, sse2, sse3, ssse3, sse4.1, sse4.2, popcnt, avx, avx2, aes, clmul, erms, 3dnowpref, lzcnt, ht, tsc, tscinvbit, bmi1, bmi2, adx

/proc/cpuinfo:
processor	: 0
vendor_id	: GenuineIntel
cpu family	: 6
model		: 78
model name	: Intel(R) Core(TM) i5-6200U CPU @ 2.30GHz
stepping	: 3
microcode	: 0xc2
cpu MHz		: 1217.906
cache size	: 3072 KB
physical id	: 0
siblings	: 4
core id		: 0
cpu cores	: 2
apicid		: 0
initial apicid	: 0
fpu		: yes
fpu_exception	: yes
cpuid level	: 22
wp		: yes
flags		: fpu vme de pse tsc msr pae mce cx8 apic sep mtrr pge mca cmov pat pse36 clflush dts acpi mmx fxsr sse sse2 ss ht tm pbe syscall nx pdpe1gb rdtscp lm constant_tsc art arch_perfmon pebs bts rep_good nopl xtopology nonstop_tsc aperfmperf eagerfpu pni pclmulqdq dtes64 monitor ds_cpl vmx est tm2 ssse3 sdbg fma cx16 xtpr pdcm pcid sse4_1 sse4_2 x2apic movbe popcnt tsc_deadline_timer aes xsave avx f16c rdrand lahf_lm abm 3dnowprefetch epb invpcid_single intel_pt kaiser tpr_shadow vnmi flexpriority ept vpid fsgsbase tsc_adjust bmi1 avx2 smep bmi2 erms invpcid mpx rdseed adx smap clflushopt xsaveopt xsavec xgetbv1 ibpb ibrs stibp dtherm ida arat pln pts hwp hwp_notify hwp_act_window hwp_epp
bugs		: cpu_meltdown spectre_v1 spectre_v2 spec_store_bypass
bogomips	: 4800.43
clflush size	: 64
cache_alignment	: 64
address sizes	: 39 bits physical, 48 bits virtual
power management:

processor	: 1
vendor_id	: GenuineIntel
cpu family	: 6
model		: 78
model name	: Intel(R) Core(TM) i5-6200U CPU @ 2.30GHz
stepping	: 3
microcode	: 0xc2
cpu MHz		: 1560.187
cache size	: 3072 KB
physical id	: 0
siblings	: 4
core id		: 1
cpu cores	: 2
apicid		: 2
initial apicid	: 2
fpu		: yes
fpu_exception	: yes
cpuid level	: 22
wp		: yes
flags		: fpu vme de pse tsc msr pae mce cx8 apic sep mtrr pge mca cmov pat pse36 clflush dts acpi mmx fxsr sse sse2 ss ht tm pbe syscall nx pdpe1gb rdtscp lm constant_tsc art arch_perfmon pebs bts rep_good nopl xtopology nonstop_tsc aperfmperf eagerfpu pni pclmulqdq dtes64 monitor ds_cpl vmx est tm2 ssse3 sdbg fma cx16 xtpr pdcm pcid sse4_1 sse4_2 x2apic movbe popcnt tsc_deadline_timer aes xsave avx f16c rdrand lahf_lm abm 3dnowprefetch epb invpcid_single intel_pt kaiser tpr_shadow vnmi flexpriority ept vpid fsgsbase tsc_adjust bmi1 avx2 smep bmi2 erms invpcid mpx rdseed adx smap clflushopt xsaveopt xsavec xgetbv1 ibpb ibrs stibp dtherm ida arat pln pts hwp hwp_notify hwp_act_window hwp_epp
bugs		: cpu_meltdown spectre_v1 spectre_v2 spec_store_bypass
bogomips	: 4800.43
clflush size	: 64
cache_alignment	: 64
address sizes	: 39 bits physical, 48 bits virtual
power management:

processor	: 2
vendor_id	: GenuineIntel
cpu family	: 6
model		: 78
model name	: Intel(R) Core(TM) i5-6200U CPU @ 2.30GHz
stepping	: 3
microcode	: 0xc2
cpu MHz		: 1681.968
cache size	: 3072 KB
physical id	: 0
siblings	: 4
core id		: 0
cpu cores	: 2
apicid		: 1
initial apicid	: 1
fpu		: yes
fpu_exception	: yes
cpuid level	: 22
wp		: yes
flags		: fpu vme de pse tsc msr pae mce cx8 apic sep mtrr pge mca cmov pat pse36 clflush dts acpi mmx fxsr sse sse2 ss ht tm pbe syscall nx pdpe1gb rdtscp lm constant_tsc art arch_perfmon pebs bts rep_good nopl xtopology nonstop_tsc aperfmperf eagerfpu pni pclmulqdq dtes64 monitor ds_cpl vmx est tm2 ssse3 sdbg fma cx16 xtpr pdcm pcid sse4_1 sse4_2 x2apic movbe popcnt tsc_deadline_timer aes xsave avx f16c rdrand lahf_lm abm 3dnowprefetch epb invpcid_single intel_pt kaiser tpr_shadow vnmi flexpriority ept vpid fsgsbase tsc_adjust bmi1 avx2 smep bmi2 erms invpcid mpx rdseed adx smap clflushopt xsaveopt xsavec xgetbv1 ibpb ibrs stibp dtherm ida arat pln pts hwp hwp_notify hwp_act_window hwp_epp
bugs		: cpu_meltdown spectre_v1 spectre_v2 spec_store_bypass
bogomips	: 4800.43
clflush size	: 64
cache_alignment	: 64
address sizes	: 39 bits physical, 48 bits virtual
power management:

processor	: 3
vendor_id	: GenuineIntel
cpu family	: 6
model		: 78
model name	: Intel(R) Core(TM) i5-6200U CPU @ 2.30GHz
stepping	: 3
microcode	: 0xc2
cpu MHz		: 1068.468
cache size	: 3072 KB
physical id	: 0
siblings	: 4
core id		: 1
cpu cores	: 2
apicid		: 3
initial apicid	: 3
fpu		: yes
fpu_exception	: yes
cpuid level	: 22
wp		: yes
flags		: fpu vme de pse tsc msr pae mce cx8 apic sep mtrr pge mca cmov pat pse36 clflush dts acpi mmx fxsr sse sse2 ss ht tm pbe syscall nx pdpe1gb rdtscp lm constant_tsc art arch_perfmon pebs bts rep_good nopl xtopology nonstop_tsc aperfmperf eagerfpu pni pclmulqdq dtes64 monitor ds_cpl vmx est tm2 ssse3 sdbg fma cx16 xtpr pdcm pcid sse4_1 sse4_2 x2apic movbe popcnt tsc_deadline_timer aes xsave avx f16c rdrand lahf_lm abm 3dnowprefetch epb invpcid_single intel_pt kaiser tpr_shadow vnmi flexpriority ept vpid fsgsbase tsc_adjust bmi1 avx2 smep bmi2 erms invpcid mpx rdseed adx smap clflushopt xsaveopt xsavec xgetbv1 ibpb ibrs stibp dtherm ida arat pln pts hwp hwp_notify hwp_act_window hwp_epp
bugs		: cpu_meltdown spectre_v1 spectre_v2 spec_store_bypass
bogomips	: 4800.43
clflush size	: 64
cache_alignment	: 64
address sizes	: 39 bits physical, 48 bits virtual
power management:



Memory: 4k page, physical 7871796k(3917668k free), swap 38828028k(38803844k free)

vm_info: OpenJDK 64-Bit Server VM (25.171-b11) for linux-amd64 JRE (1.8.0_171-8u171-b11-0ubuntu0.16.04.1-b11), built on Apr 27 2018 17:19:03 by "buildd" with gcc 5.4.0 20160609

time: Thu Jun 14 06:56:15 2018
elapsed time: 18881 seconds (0d 5h 14m 41s)

